# JRE version: OpenJDK Runtime Environment (8.0_242-b01) (build 1.8.0_242-release-1644-b01)
# Java VM: OpenJDK 64-Bit Server VM (25.242-b01 mixed mode windows-amd64 compressed oops)
Heap:
 PSYoungGen      total 388608K, used 129351K [0x00000000e0000000, 0x00000000ff880000, 0x0000000100000000)
  eden space 273408K, 45% used [0x00000000e0000000,0x00000000e7a300c0,0x00000000f0b00000)
  from space 115200K, 3% used [0x00000000f8800000,0x00000000f8c21c40,0x00000000ff880000)
  to   space 118784K, 0% used [0x00000000f0b00000,0x00000000f0b00000,0x00000000f7f00000)
 ParOldGen       total 560128K, used 375232K [0x00000000a0000000, 0x00000000c2300000, 0x00000000e0000000)
  object space 560128K, 66% used [0x00000000a0000000,0x00000000b6e703b0,0x00000000c2300000)
 Metaspace       used 315245K, capacity 329870K, committed 339440K, reserved 1341440K
  class space    used 38496K, capacity 41109K, committed 46896K, reserved 1048576K
GC Heap History (10 events):
Event: 12413.816 GC heap before
{Heap before GC invocations=194 (full 12):
 PSYoungGen      total 375296K, used 245760K [0x00000000e0000000, 0x0000000100000000, 0x0000000100000000)
  eden space 245760K, 100% used [0x00000000e0000000,0x00000000ef000000,0x00000000ef000000)
  from space 129536K, 0% used [0x00000000ef000000,0x00000000ef000000,0x00000000f6e80000)
  to   space 134656K, 0% used [0x00000000f7c80000,0x00000000f7c80000,0x0000000100000000)
 ParOldGen       total 560128K, used 268045K [0x00000000a0000000, 0x00000000c2300000, 0x00000000e0000000)
  object space 560128K, 47% used [0x00000000a0000000,0x00000000b05c3620,0x00000000c2300000)
 Metaspace       used 306222K, capacity 320602K, committed 338416K, reserved 1341440K
  class space    used 37483K, capacity 40045K, committed 46896K, reserved 1048576K
Event: 12413.893 GC heap after
Heap after GC invocations=194 (full 12):
 PSYoungGen      total 386560K, used 50047K [0x00000000e0000000, 0x00000000ff800000, 0x0000000100000000)
  eden space 260096K, 0% used [0x00000000e0000000,0x00000000e0000000,0x00000000efe00000)
  from space 126464K, 39% used [0x00000000f7c80000,0x00000000fad5fc68,0x00000000ff800000)
  to   space 128000K, 0% used [0x00000000efe00000,0x00000000efe00000,0x00000000f7b00000)
 ParOldGen       total 560128K, used 268045K [0x00000000a0000000, 0x00000000c2300000, 0x00000000e0000000)
  object space 560128K, 47% used [0x00000000a0000000,0x00000000b05c3620,0x00000000c2300000)
 Metaspace       used 306222K, capacity 320602K, committed 338416K, reserved 1341440K
  class space    used 37483K, capacity 40045K, committed 46896K, reserved 1048576K
}
Event: 12415.970 GC heap before
{Heap before GC invocations=195 (full 12):
 PSYoungGen      total 386560K, used 310143K [0x00000000e0000000, 0x00000000ff800000, 0x0000000100000000)
  eden space 260096K, 100% used [0x00000000e0000000,0x00000000efe00000,0x00000000efe00000)
  from space 126464K, 39% used [0x00000000f7c80000,0x00000000fad5fc68,0x00000000ff800000)
  to   space 128000K, 0% used [0x00000000efe00000,0x00000000efe00000,0x00000000f7b00000)
 ParOldGen       total 560128K, used 268045K [0x00000000a0000000, 0x00000000c2300000, 0x00000000e0000000)
  object space 560128K, 47% used [0x00000000a0000000,0x00000000b05c3620,0x00000000c2300000)
 Metaspace       used 309154K, capacity 323592K, committed 338416K, reserved 1341440K
  class space    used 37752K, capacity 40342K, committed 46896K, reserved 1048576K
Event: 12416.127 GC heap after
Heap after GC invocations=195 (full 12):
 PSYoungGen      total 388096K, used 52452K [0x00000000e0000000, 0x00000000ff680000, 0x0000000100000000)
  eden space 260096K, 0% used [0x00000000e0000000,0x00000000e0000000,0x00000000efe00000)
  from space 128000K, 40% used [0x00000000efe00000,0x00000000f31391c0,0x00000000f7b00000)
  to   space 122368K, 0% used [0x00000000f7f00000,0x00000000f7f00000,0x00000000ff680000)
 ParOldGen       total 560128K, used 315540K [0x00000000a0000000, 0x00000000c2300000, 0x00000000e0000000)
  object space 560128K, 56% used [0x00000000a0000000,0x00000000b3425050,0x00000000c2300000)
 Metaspace       used 309154K, capacity 323592K, committed 338416K, reserved 1341440K
  class space    used 37752K, capacity 40342K, committed 46896K, reserved 1048576K
}
Event: 12417.612 GC heap before
{Heap before GC invocations=196 (full 12):
 PSYoungGen      total 388096K, used 312548K [0x00000000e0000000, 0x00000000ff680000, 0x0000000100000000)
  eden space 260096K, 100% used [0x00000000e0000000,0x00000000efe00000,0x00000000efe00000)
  from space 128000K, 40% used [0x00000000efe00000,0x00000000f31391c0,0x00000000f7b00000)
  to   space 122368K, 0% used [0x00000000f7f00000,0x00000000f7f00000,0x00000000ff680000)
 ParOldGen       total 560128K, used 315540K [0x00000000a0000000, 0x00000000c2300000, 0x00000000e0000000)
  object space 560128K, 56% used [0x00000000a0000000,0x00000000b3425050,0x00000000c2300000)
 Metaspace       used 314159K, capacity 328678K, committed 338416K, reserved 1341440K
  class space    used 38400K, capacity 40991K, committed 46896K, reserved 1048576K
Event: 12417.665 GC heap after
Heap after GC invocations=196 (full 12):
 PSYoungGen      total 392704K, used 20855K [0x00000000e0000000, 0x00000000ff380000, 0x0000000100000000)
  eden space 273408K, 0% used [0x00000000e0000000,0x00000000e0000000,0x00000000f0b00000)
  from space 119296K, 17% used [0x00000000f7f00000,0x00000000f935de28,0x00000000ff380000)
  to   space 118784K, 0% used [0x00000000f0b00000,0x00000000f0b00000,0x00000000f7f00000)
 ParOldGen       total 560128K, used 340052K [0x00000000a0000000, 0x00000000c2300000, 0x00000000e0000000)
  object space 560128K, 60% used [0x00000000a0000000,0x00000000b4c15270,0x00000000c2300000)
 Metaspace       used 314159K, capacity 328678K, committed 338416K, reserved 1341440K
  class space    used 38400K, capacity 40991K, committed 46896K, reserved 1048576K
}
Event: 13536.825 GC heap before
{Heap before GC invocations=197 (full 12):
 PSYoungGen      total 392704K, used 294263K [0x00000000e0000000, 0x00000000ff380000, 0x0000000100000000)
  eden space 273408K, 100% used [0x00000000e0000000,0x00000000f0b00000,0x00000000f0b00000)
  from space 119296K, 17% used [0x00000000f7f00000,0x00000000f935de28,0x00000000ff380000)
  to   space 118784K, 0% used [0x00000000f0b00000,0x00000000f0b00000,0x00000000f7f00000)
 ParOldGen       total 560128K, used 340052K [0x00000000a0000000, 0x00000000c2300000, 0x00000000e0000000)
  object space 560128K, 60% used [0x00000000a0000000,0x00000000b4c15270,0x00000000c2300000)
 Metaspace       used 314206K, capacity 328742K, committed 338672K, reserved 1341440K
  class space    used 38400K, capacity 40991K, committed 46896K, reserved 1048576K
Event: 13536.935 GC heap after
Heap after GC invocations=197 (full 12):
 PSYoungGen      total 392192K, used 22032K [0x00000000e0000000, 0x00000000ff880000, 0x0000000100000000)
  eden space 273408K, 0% used [0x00000000e0000000,0x00000000e0000000,0x00000000f0b00000)
  from space 118784K, 18% used [0x00000000f0b00000,0x00000000f20841f0,0x00000000f7f00000)
  to   space 115200K, 0% used [0x00000000f8800000,0x00000000f8800000,0x00000000ff880000)
 ParOldGen       total 560128K, used 355710K [0x00000000a0000000, 0x00000000c2300000, 0x00000000e0000000)
  object space 560128K, 63% used [0x00000000a0000000,0x00000000b5b5f9b0,0x00000000c2300000)
 Metaspace       used 314206K, capacity 328742K, committed 338672K, reserved 1341440K
  class space    used 38400K, capacity 40991K, committed 46896K, reserved 1048576K
}
Event: 13550.817 GC heap before
{Heap before GC invocations=198 (full 12):
 PSYoungGen      total 392192K, used 295440K [0x00000000e0000000, 0x00000000ff880000, 0x0000000100000000)
  eden space 273408K, 100% used [0x00000000e0000000,0x00000000f0b00000,0x00000000f0b00000)
  from space 118784K, 18% used [0x00000000f0b00000,0x00000000f20841f0,0x00000000f7f00000)
  to   space 115200K, 0% used [0x00000000f8800000,0x00000000f8800000,0x00000000ff880000)
 ParOldGen       total 560128K, used 355710K [0x00000000a0000000, 0x00000000c2300000, 0x00000000e0000000)
  object space 560128K, 63% used [0x00000000a0000000,0x00000000b5b5f9b0,0x00000000c2300000)
 Metaspace       used 315136K, capacity 329772K, committed 339440K, reserved 1341440K
  class space    used 38485K, capacity 41104K, committed 46896K, reserved 1048576K
Event: 13550.957 GC heap after
Heap after GC invocations=198 (full 12):
 PSYoungGen      total 388608K, used 4231K [0x00000000e0000000, 0x00000000ff880000, 0x0000000100000000)
  eden space 273408K, 0% used [0x00000000e0000000,0x00000000e0000000,0x00000000f0b00000)
  from space 115200K, 3% used [0x00000000f8800000,0x00000000f8c21c40,0x00000000ff880000)
  to   space 118784K, 0% used [0x00000000f0b00000,0x00000000f0b00000,0x00000000f7f00000)
 ParOldGen       total 560128K, used 375232K [0x00000000a0000000, 0x00000000c2300000, 0x00000000e0000000)
  object space 560128K, 66% used [0x00000000a0000000,0x00000000b6e703b0,0x00000000c2300000)
 Metaspace       used 315136K, capacity 329772K, committed 339440K, reserved 1341440K
  class space    used 38485K, capacity 41104K, committed 46896K, reserved 1048576K
}

